<?xml version="1.0" encoding="UTF-8"?>
<testsuite xmlns:xsi="http://www.w3.org/2001/XMLSchema-instance" xsi:noNamespaceSchemaLocation="https://maven.apache.org/surefire/maven-surefire-plugin/xsd/surefire-test-report-3.0.xsd" version="3.0" name="org.iohk.runner.TestRunner" time="5.321" tests="6" errors="0" skipped="0" failures="0">
  <properties>
    <property name="sun.desktop" value="gnome"/>
    <property name="awt.toolkit" value="sun.awt.X11.XToolkit"/>
    <property name="java.specification.version" value="11"/>
    <property name="sun.cpu.isalist" value=""/>
    <property name="sun.jnu.encoding" value="UTF-8"/>
    <property name="java.class.path" value="/home/aayush/Work/Code/IOHK test/metadata-api-test/target/test-classes:/home/aayush/Work/Code/IOHK test/metadata-api-test/target/classes:/home/aayush/.m2/repository/io/cucumber/cucumber-java/7.2.3/cucumber-java-7.2.3.jar:/home/aayush/.m2/repository/io/cucumber/cucumber-core/7.2.3/cucumber-core-7.2.3.jar:/home/aayush/.m2/repository/io/cucumber/cucumber-gherkin/7.2.3/cucumber-gherkin-7.2.3.jar:/home/aayush/.m2/repository/io/cucumber/cucumber-gherkin-messages/7.2.3/cucumber-gherkin-messages-7.2.3.jar:/home/aayush/.m2/repository/io/cucumber/messages/17.1.1/messages-17.1.1.jar:/home/aayush/.m2/repository/io/cucumber/tag-expressions/4.1.0/tag-expressions-4.1.0.jar:/home/aayush/.m2/repository/io/cucumber/cucumber-expressions/15.0.1/cucumber-expressions-15.0.1.jar:/home/aayush/.m2/repository/io/cucumber/datatable/7.2.3/datatable-7.2.3.jar:/home/aayush/.m2/repository/io/cucumber/cucumber-plugin/7.2.3/cucumber-plugin-7.2.3.jar:/home/aayush/.m2/repository/io/cucumber/docstring/7.2.3/docstring-7.2.3.jar:/home/aayush/.m2/repository/io/cucumber/html-formatter/17.0.0/html-formatter-17.0.0.jar:/home/aayush/.m2/repository/io/cucumber/ci-environment/8.1.0/ci-environment-8.1.0.jar:/home/aayush/.m2/repository/org/apiguardian/apiguardian-api/1.1.2/apiguardian-api-1.1.2.jar:/home/aayush/.m2/repository/io/cucumber/cucumber-junit/7.2.3/cucumber-junit-7.2.3.jar:/home/aayush/.m2/repository/junit/junit/4.13.2/junit-4.13.2.jar:/home/aayush/.m2/repository/org/hamcrest/hamcrest-core/1.3/hamcrest-core-1.3.jar:/home/aayush/.m2/repository/org/slf4j/slf4j-simple/1.7.36/slf4j-simple-1.7.36.jar:/home/aayush/.m2/repository/org/slf4j/slf4j-api/1.7.36/slf4j-api-1.7.36.jar:/home/aayush/.m2/repository/io/qameta/allure/allure-junit4/2.17.3/allure-junit4-2.17.3.jar:/home/aayush/.m2/repository/io/qameta/allure/allure-java-commons/2.17.3/allure-java-commons-2.17.3.jar:/home/aayush/.m2/repository/io/qameta/allure/allure-model/2.17.3/allure-model-2.17.3.jar:/home/aayush/.m2/repository/io/qameta/allure/allure-selenide/2.17.3/allure-selenide-2.17.3.jar:/home/aayush/.m2/repository/io/rest-assured/rest-assured/4.5.1/rest-assured-4.5.1.jar:/home/aayush/.m2/repository/org/codehaus/groovy/groovy/3.0.9/groovy-3.0.9.jar:/home/aayush/.m2/repository/org/codehaus/groovy/groovy-xml/3.0.9/groovy-xml-3.0.9.jar:/home/aayush/.m2/repository/org/apache/httpcomponents/httpclient/4.5.13/httpclient-4.5.13.jar:/home/aayush/.m2/repository/org/apache/httpcomponents/httpcore/4.4.13/httpcore-4.4.13.jar:/home/aayush/.m2/repository/commons-logging/commons-logging/1.2/commons-logging-1.2.jar:/home/aayush/.m2/repository/commons-codec/commons-codec/1.11/commons-codec-1.11.jar:/home/aayush/.m2/repository/org/apache/httpcomponents/httpmime/4.5.13/httpmime-4.5.13.jar:/home/aayush/.m2/repository/org/hamcrest/hamcrest/2.1/hamcrest-2.1.jar:/home/aayush/.m2/repository/org/ccil/cowan/tagsoup/tagsoup/1.2.1/tagsoup-1.2.1.jar:/home/aayush/.m2/repository/io/rest-assured/json-path/4.5.1/json-path-4.5.1.jar:/home/aayush/.m2/repository/org/codehaus/groovy/groovy-json/3.0.9/groovy-json-3.0.9.jar:/home/aayush/.m2/repository/io/rest-assured/rest-assured-common/4.5.1/rest-assured-common-4.5.1.jar:/home/aayush/.m2/repository/io/rest-assured/xml-path/4.5.1/xml-path-4.5.1.jar:/home/aayush/.m2/repository/org/apache/commons/commons-lang3/3.11/commons-lang3-3.11.jar:/home/aayush/.m2/repository/org/skyscreamer/jsonassert/1.5.0/jsonassert-1.5.0.jar:/home/aayush/.m2/repository/com/vaadin/external/google/android-json/0.0.20131108.vaadin1/android-json-0.0.20131108.vaadin1.jar:"/>
    <property name="java.vm.vendor" value="Ubuntu"/>
    <property name="sun.arch.data.model" value="64"/>
    <property name="java.vendor.url" value="https://ubuntu.com/"/>
    <property name="user.timezone" value="Europe/London"/>
    <property name="java.vm.specification.version" value="11"/>
    <property name="os.name" value="Linux"/>
    <property name="sun.java.launcher" value="SUN_STANDARD"/>
    <property name="user.country" value="GB"/>
    <property name="sun.boot.library.path" value="/usr/lib/jvm/java-11-openjdk-amd64/lib"/>
    <property name="sun.java.command" value="/home/aayush/Work/Code/IOHK test/metadata-api-test/target/surefire/surefirebooter6190482713416147817.jar /home/aayush/Work/Code/IOHK test/metadata-api-test/target/surefire 2022-04-10T00-09-20_519-jvmRun1 surefire16280761261507268155tmp surefire_04318260673219539346tmp"/>
    <property name="jdk.debug" value="release"/>
    <property name="surefire.test.class.path" value="/home/aayush/Work/Code/IOHK test/metadata-api-test/target/test-classes:/home/aayush/Work/Code/IOHK test/metadata-api-test/target/classes:/home/aayush/.m2/repository/io/cucumber/cucumber-java/7.2.3/cucumber-java-7.2.3.jar:/home/aayush/.m2/repository/io/cucumber/cucumber-core/7.2.3/cucumber-core-7.2.3.jar:/home/aayush/.m2/repository/io/cucumber/cucumber-gherkin/7.2.3/cucumber-gherkin-7.2.3.jar:/home/aayush/.m2/repository/io/cucumber/cucumber-gherkin-messages/7.2.3/cucumber-gherkin-messages-7.2.3.jar:/home/aayush/.m2/repository/io/cucumber/messages/17.1.1/messages-17.1.1.jar:/home/aayush/.m2/repository/io/cucumber/tag-expressions/4.1.0/tag-expressions-4.1.0.jar:/home/aayush/.m2/repository/io/cucumber/cucumber-expressions/15.0.1/cucumber-expressions-15.0.1.jar:/home/aayush/.m2/repository/io/cucumber/datatable/7.2.3/datatable-7.2.3.jar:/home/aayush/.m2/repository/io/cucumber/cucumber-plugin/7.2.3/cucumber-plugin-7.2.3.jar:/home/aayush/.m2/repository/io/cucumber/docstring/7.2.3/docstring-7.2.3.jar:/home/aayush/.m2/repository/io/cucumber/html-formatter/17.0.0/html-formatter-17.0.0.jar:/home/aayush/.m2/repository/io/cucumber/ci-environment/8.1.0/ci-environment-8.1.0.jar:/home/aayush/.m2/repository/org/apiguardian/apiguardian-api/1.1.2/apiguardian-api-1.1.2.jar:/home/aayush/.m2/repository/io/cucumber/cucumber-junit/7.2.3/cucumber-junit-7.2.3.jar:/home/aayush/.m2/repository/junit/junit/4.13.2/junit-4.13.2.jar:/home/aayush/.m2/repository/org/hamcrest/hamcrest-core/1.3/hamcrest-core-1.3.jar:/home/aayush/.m2/repository/org/slf4j/slf4j-simple/1.7.36/slf4j-simple-1.7.36.jar:/home/aayush/.m2/repository/org/slf4j/slf4j-api/1.7.36/slf4j-api-1.7.36.jar:/home/aayush/.m2/repository/io/qameta/allure/allure-junit4/2.17.3/allure-junit4-2.17.3.jar:/home/aayush/.m2/repository/io/qameta/allure/allure-java-commons/2.17.3/allure-java-commons-2.17.3.jar:/home/aayush/.m2/repository/io/qameta/allure/allure-model/2.17.3/allure-model-2.17.3.jar:/home/aayush/.m2/repository/io/qameta/allure/allure-selenide/2.17.3/allure-selenide-2.17.3.jar:/home/aayush/.m2/repository/io/rest-assured/rest-assured/4.5.1/rest-assured-4.5.1.jar:/home/aayush/.m2/repository/org/codehaus/groovy/groovy/3.0.9/groovy-3.0.9.jar:/home/aayush/.m2/repository/org/codehaus/groovy/groovy-xml/3.0.9/groovy-xml-3.0.9.jar:/home/aayush/.m2/repository/org/apache/httpcomponents/httpclient/4.5.13/httpclient-4.5.13.jar:/home/aayush/.m2/repository/org/apache/httpcomponents/httpcore/4.4.13/httpcore-4.4.13.jar:/home/aayush/.m2/repository/commons-logging/commons-logging/1.2/commons-logging-1.2.jar:/home/aayush/.m2/repository/commons-codec/commons-codec/1.11/commons-codec-1.11.jar:/home/aayush/.m2/repository/org/apache/httpcomponents/httpmime/4.5.13/httpmime-4.5.13.jar:/home/aayush/.m2/repository/org/hamcrest/hamcrest/2.1/hamcrest-2.1.jar:/home/aayush/.m2/repository/org/ccil/cowan/tagsoup/tagsoup/1.2.1/tagsoup-1.2.1.jar:/home/aayush/.m2/repository/io/rest-assured/json-path/4.5.1/json-path-4.5.1.jar:/home/aayush/.m2/repository/org/codehaus/groovy/groovy-json/3.0.9/groovy-json-3.0.9.jar:/home/aayush/.m2/repository/io/rest-assured/rest-assured-common/4.5.1/rest-assured-common-4.5.1.jar:/home/aayush/.m2/repository/io/rest-assured/xml-path/4.5.1/xml-path-4.5.1.jar:/home/aayush/.m2/repository/org/apache/commons/commons-lang3/3.11/commons-lang3-3.11.jar:/home/aayush/.m2/repository/org/skyscreamer/jsonassert/1.5.0/jsonassert-1.5.0.jar:/home/aayush/.m2/repository/com/vaadin/external/google/android-json/0.0.20131108.vaadin1/android-json-0.0.20131108.vaadin1.jar:"/>
    <property name="allure.results.directory" value="/home/aayush/Work/Code/IOHK test/metadata-api-test/target/allure-results"/>
    <property name="sun.cpu.endian" value="little"/>
    <property name="user.home" value="/home/aayush"/>
    <property name="user.language" value="en"/>
    <property name="java.specification.vendor" value="Oracle Corporation"/>
    <property name="java.version.date" value="2022-02-08"/>
    <property name="java.home" value="/usr/lib/jvm/java-11-openjdk-amd64"/>
    <property name="file.separator" value="/"/>
    <property name="basedir" value="/home/aayush/Work/Code/IOHK test/metadata-api-test"/>
    <property name="java.vm.compressedOopsMode" value="32-bit"/>
    <property name="line.separator" value="&#10;"/>
    <property name="java.specification.name" value="Java Platform API Specification"/>
    <property name="java.vm.specification.vendor" value="Oracle Corporation"/>
    <property name="java.awt.graphicsenv" value="sun.awt.X11GraphicsEnvironment"/>
    <property name="surefire.real.class.path" value="/home/aayush/Work/Code/IOHK test/metadata-api-test/target/surefire/surefirebooter6190482713416147817.jar"/>
    <property name="sun.management.compiler" value="HotSpot 64-Bit Tiered Compilers"/>
    <property name="java.runtime.version" value="11.0.14.1+1-Ubuntu-0ubuntu1.20.04"/>
    <property name="user.name" value="aayush"/>
    <property name="path.separator" value=":"/>
    <property name="os.version" value="5.4.0-107-generic"/>
    <property name="java.runtime.name" value="OpenJDK Runtime Environment"/>
    <property name="file.encoding" value="UTF-8"/>
    <property name="java.vm.name" value="OpenJDK 64-Bit Server VM"/>
    <property name="localRepository" value="/home/aayush/.m2/repository"/>
    <property name="java.vendor.url.bug" value="https://bugs.launchpad.net/ubuntu/+source/openjdk-lts"/>
    <property name="java.io.tmpdir" value="/tmp"/>
    <property name="java.version" value="11.0.14.1"/>
    <property name="user.dir" value="/home/aayush/Work/Code/IOHK test/metadata-api-test"/>
    <property name="os.arch" value="amd64"/>
    <property name="java.vm.specification.name" value="Java Virtual Machine Specification"/>
    <property name="java.awt.printerjob" value="sun.print.PSPrinterJob"/>
    <property name="sun.os.patch.level" value="unknown"/>
    <property name="java.library.path" value="/usr/java/packages/lib:/usr/lib/x86_64-linux-gnu/jni:/lib/x86_64-linux-gnu:/usr/lib/x86_64-linux-gnu:/usr/lib/jni:/lib:/usr/lib"/>
    <property name="java.vm.info" value="mixed mode, sharing"/>
    <property name="java.vendor" value="Ubuntu"/>
    <property name="java.vm.version" value="11.0.14.1+1-Ubuntu-0ubuntu1.20.04"/>
    <property name="sun.io.unicode.encoding" value="UnicodeLittle"/>
    <property name="java.class.version" value="55.0"/>
  </properties>
  <testcase name="User is able to retrieve the the metadata from the server with valid subjects #1" classname="To test the get metadata request feature of the metadata API service" time="2.181">
    <system-out><![CDATA[Request method:	GET
Request URI:	http://metadata-server-mock.herokuapp.com/metadata/919e8a1922aaa764b1d66407c6f62244e77081215f385b60a62091494861707079436f696e
Proxy:			<none>
Request params:	<none>
Query params:	<none>
Form params:	<none>
Path params:	subject=919e8a1922aaa764b1d66407c6f62244e77081215f385b60a62091494861707079436f696e
Headers:		Accept=*/*
				Content-Type=application/json
Cookies:		<none>
Multiparts:		<none>
Body:			<none>
HTTP/1.1 200 OK
Connection: keep-alive
Content-Type: application/json
Content-Length: 2863
X-Content-Type-Options: nosniff
Server: WEBrick/1.4.2 (Ruby/2.6.6/2020-03-31)
Date: Sat, 09 Apr 2022 23:09:24 GMT
Via: 1.1 vegur

{
    "subject": "919e8a1922aaa764b1d66407c6f62244e77081215f385b60a62091494861707079436f696e",
    "url": {
        "sequenceNumber": 0,
        "value": "https://happy.io",
        "signatures": [
            {
                "signature": "f18ddccdbf34ed909f36ca753ceecb2f5a1958cf49212e83ffbe6630228dc6d9818c36cb345156efddd3af6383edd4755bd827a3dc90a70476ac15bf5bdd7f06",
                "publicKey": "db2c42a7c5b70d7e635b95c5864439f22ccd6639cc7bc128a88a804f149a4448"
            }
        ]
    },
    "name": {
        "sequenceNumber": 0,
        "value": "HappyCoin",
        "signatures": [
            {
                "signature": "10c0761f6992768208644451cfd8bf77c1a09f8346a2381c22d87107aef107dee3db29d826b7332f0181546d30ad49c6d3338c70ce7aa082ae2dd54e78e9cf01",
                "publicKey": "db2c42a7c5b70d7e635b95c5864439f22ccd6639cc7bc128a88a804f149a4448"
            }
        ]
    },
    "ticker": {
        "sequenceNumber": 0,
        "value": "HAPPY3",
        "signatures": [
            {
                "signature": "5c33927be66c7d195297060a397ef732bc67a6faadbf8d7f3e966b3bcb3872f97b93cafbff5886232bdcefecb8421cf6954cc4a3af9761ef345c98b8ed7d0b08",
                "publicKey": "db2c42a7c5b70d7e635b95c5864439f22ccd6639cc7bc128a88a804f149a4448"
            }
        ]
    },
    "decimals": {
        "sequenceNumber": 0,
        "value": 6,
        "signatures": [
            {
                "signature": "f6fb44255f3f8c2705676b93502a638cf74a2d45a99389cf49c1cebf8d7ff0a499ba7a4f886adfbf789ee4796b8233ce59a06188800a2b83cb05bd8f44eedb0a",
                "publicKey": "db2c42a7c5b70d7e635b95c5864439f22ccd6639cc7bc128a88a804f149a4448"
            }
        ]
    },
    "policy": "82008201818200581c69303ce3536df260efddbc949ccb94e6993302b10b778d8b4d98bfb5",
    "logo": {
        "sequenceNumber": 0,
        "value": "iVBORw0KGgoAAAANSUhEUgAAABkAAAAeCAYAAADZ7LXbAAAACXBIWXMAAA7EAAAOxAGVKw4bAAACbUlEQVRIie3Vy0tUURzA8e855965c8lXUhlhEQVBSEmQRAURQbSIEqFl4N6/oHYtAhdtonatK8hVBCERZC+0jbZpIRVkIeagTJrO3Nd5tBhDMHOcGiHCA2dxHvDh9zs/fkc45xwbPORGA5tI/RFdGCL9MgAm/mNEVKuuaHA3OW+RlDb8zjt4O07VjFRPV8NBZC5PGMxj3/YQv7uGs7p+iJ5+ipgfIZr7hnWSXBjgT98iHr6IS+fqg7h0Dl8ZQpmQFKdJSmWkkuSj10TD3WCzv0f89m6S8BjWQehbVDpPWiojsASlEeLxG3WIJFtANneQei3EqpnMeWRxgtMahYGP/dhoqiry2+rKJh9i3l8l2KIRUlVQazDlRXTpOzIr43uQ7LlCvrO/9kjisT7Ehz6CBgtCki4sEC+ALpdQQUC+qQmXC3EO3NQAsHaP/QVx1mBnh5BKYpOYON2L6npJ/sw4svMRacmCc+TyOQwKGX/CRl9rQ4SQyPZeFqM27L7bhCcHUY37AVCtR7EtZ8EZhLN4vkIKhy1N1Ibo4ijq83UavAl04QmIFVekB1aDNQhnQFBZ14KABauRaFThHrrwbPmkPImYeQw6A5OBNRjnIxsPrIl4KzdUcwep9SFL8JVHNnqJeFcvyBCm7hJQBKPBZJWH334eGe5cE1m1hKM3l8nP3kcICVLiEEuXLfycQKpBnnhRtWmuWsLBkZtEucNYa8BkCJMiTFrJ/RLgHJjWc+vqyqsiMthGePo5SWsP2ohKWpamdZBqQbz1AvnjD6oCsI7/RM+8whTHljf8RrzWLlTLoXUB60LqMf6NP34T+T+RH/HOKLJ+ho1iAAAAAElFTkSuQmCC",
        "signatures": [
            {
                "signature": "13da4cffbbe65c5f6c867362cc4d6e0c3a3f2897ed5bc0ff3446ec588a68925dd82e02f11b3ff60e297f43ed7546fe58622dd845393aefaa6f577c93d0889200",
                "publicKey": "db2c42a7c5b70d7e635b95c5864439f22ccd6639cc7bc128a88a804f149a4448"
            }
        ]
    },
    "description": {
        "sequenceNumber": 1,
        "value": "Coin with asset name - and everyone is happy!!!",
        "signatures": [
            {
                "signature": "fe04dce0f909b829e57c315117aa3ee03be59380ae24f02f6e9321012ae941783005c403cba73bf85bd6c86533b8cd49144960d5c1eca63159a1f51abac8a90d",
                "publicKey": "db2c42a7c5b70d7e635b95c5864439f22ccd6639cc7bc128a88a804f149a4448"
            }
        ]
    }
}
]]></system-out>
  </testcase>
  <testcase name="User is able to retrieve the the metadata from the server with valid subjects #2" classname="To test the get metadata request feature of the metadata API service" time="0.345">
    <system-out><![CDATA[Request method:	GET
Request URI:	http://metadata-server-mock.herokuapp.com/metadata/2048c7e09308f9138cef8f1a81733b72e601d016eea5eef759ff2933416d617a696e67436f696e
Proxy:			<none>
Request params:	<none>
Query params:	<none>
Form params:	<none>
Path params:	subject=2048c7e09308f9138cef8f1a81733b72e601d016eea5eef759ff2933416d617a696e67436f696e
Headers:		Accept=*/*
				Content-Type=application/json
Cookies:		<none>
Multiparts:		<none>
Body:			<none>
Request method:	GET
Request URI:	http://metadata-server-mock.herokuapp.com/metadata/2048c7e09308f9138cef8f1a81733b72e601d016eea5eef759ff2933416d617a696e67436f696e
Proxy:			<none>
Request params:	<none>
Query params:	<none>
Form params:	<none>
Path params:	subject=2048c7e09308f9138cef8f1a81733b72e601d016eea5eef759ff2933416d617a696e67436f696e
Headers:		Accept=*/*
				Content-Type=application/json
Cookies:		<none>
Multiparts:		<none>
Body:			<none>
HTTP/1.1 200 OK
Connection: keep-alive
Content-Type: application/json
Content-Length: 2932
X-Content-Type-Options: nosniff
Server: WEBrick/1.4.2 (Ruby/2.6.6/2020-03-31)
Date: Sat, 09 Apr 2022 23:09:25 GMT
Via: 1.1 vegur

{
    "subject": "2048c7e09308f9138cef8f1a81733b72e601d016eea5eef759ff2933416d617a696e67436f696e",
    "url": {
        "sequenceNumber": 0,
        "value": "https://amazing.io",
        "signatures": [
            {
                "signature": "1eefd452faba1b2ea3a897534c325ab9e5e546029d26377cf379d126f94ff8df8ecea6227da271e53feb61f993625bb6d57f967267a366b94c73ef535b698105",
                "publicKey": "9b3c4095df24e08599115c750988b0a105043cd15b6521a123f21d7b92369a73"
            }
        ]
    },
    "name": {
        "sequenceNumber": 0,
        "value": "Amazing Coin",
        "signatures": [
            {
                "signature": "2bf86524f8cb8dff2d06ea291cccb6bd69cd31499d64eac5d661245d6c68ebe047515f0e119ddf08848d20e7b898dda59b1369bcb1dc59210049c76d00db9f04",
                "publicKey": "9b3c4095df24e08599115c750988b0a105043cd15b6521a123f21d7b92369a73"
            }
        ]
    },
    "ticker": {
        "sequenceNumber": 0,
        "value": "AMAZ",
        "signatures": [
            {
                "signature": "3271a3e588274c860d2644ce803ba229fd1045eb1fde6ec04d7061268c3515d971fd95848c1634a044054903466ab16b0810aa845cd94fa1c0eac966cf301403",
                "publicKey": "9b3c4095df24e08599115c750988b0a105043cd15b6521a123f21d7b92369a73"
            }
        ]
    },
    "decimals": {
        "sequenceNumber": 1,
        "value": 3,
        "signatures": [
            {
                "signature": "ce3650f7206e53b20d7b921d814fa6a2cad257922a97fd587c03c92d5c4917a86f624b9e4088297211fed195ada26757e97951490edc8e71dd82ce2ead9d0902",
                "publicKey": "9b3c4095df24e08599115c750988b0a105043cd15b6521a123f21d7b92369a73"
            }
        ]
    },
    "policy": "82018201828200581cec9b522c1a85ae7a316f97fb3b2864e8b7cde8da1409827c260fc1ed82051b000000014839c5a8",
    "logo": {
        "sequenceNumber": 0,
        "value": "iVBORw0KGgoAAAANSUhEUgAAABkAAAAeCAYAAADZ7LXbAAAACXBIWXMAAA7EAAAOxAGVKw4bAAACbUlEQVRIie3Vy0tUURzA8e855965c8lXUhlhEQVBSEmQRAURQbSIEqFl4N6/oHYtAhdtonatK8hVBCERZC+0jbZpIRVkIeagTJrO3Nd5tBhDMHOcGiHCA2dxHvDh9zs/fkc45xwbPORGA5tI/RFdGCL9MgAm/mNEVKuuaHA3OW+RlDb8zjt4O07VjFRPV8NBZC5PGMxj3/YQv7uGs7p+iJ5+ipgfIZr7hnWSXBjgT98iHr6IS+fqg7h0Dl8ZQpmQFKdJSmWkkuSj10TD3WCzv0f89m6S8BjWQehbVDpPWiojsASlEeLxG3WIJFtANneQei3EqpnMeWRxgtMahYGP/dhoqiry2+rKJh9i3l8l2KIRUlVQazDlRXTpOzIr43uQ7LlCvrO/9kjisT7Ehz6CBgtCki4sEC+ALpdQQUC+qQmXC3EO3NQAsHaP/QVx1mBnh5BKYpOYON2L6npJ/sw4svMRacmCc+TyOQwKGX/CRl9rQ4SQyPZeFqM27L7bhCcHUY37AVCtR7EtZ8EZhLN4vkIKhy1N1Ibo4ijq83UavAl04QmIFVekB1aDNQhnQFBZ14KABauRaFThHrrwbPmkPImYeQw6A5OBNRjnIxsPrIl4KzdUcwep9SFL8JVHNnqJeFcvyBCm7hJQBKPBZJWH334eGe5cE1m1hKM3l8nP3kcICVLiEEuXLfycQKpBnnhRtWmuWsLBkZtEucNYa8BkCJMiTFrJ/RLgHJjWc+vqyqsiMthGePo5SWsP2ohKWpamdZBqQbz1AvnjD6oCsI7/RM+8whTHljf8RrzWLlTLoXUB60LqMf6NP34T+T+RH/HOKLJ+ho1iAAAAAElFTkSuQmCC",
        "signatures": [
            {
                "signature": "21815a841e8c551265bd4032826fad50cb46c8d9173845b9a3b75323bc687c7837c6c43e31d9280abdc31d0a10b54082adf25ac190af1288cb6f7202490d6d0c",
                "publicKey": "9b3c4095df24e08599115c750988b0a105043cd15b6521a123f21d7b92369a73"
            }
        ]
    },
    "description": {
        "sequenceNumber": 0,
        "value": "亜哀挨愛曖悪 АаБбВвГгДдЕеЁёЖжЗз  aąbcćdeęfghijklłmnoóprsś",
        "signatures": [
            {
                "signature": "17588b4b796e3b4f2999396a34d44ec84b4f801222bab2cb94bed8edf3ee486d9d177b81ae84fc740c70a82959222107c0801345a9d761ceffe1def81f2f900e",
                "publicKey": "9b3c4095df24e08599115c750988b0a105043cd15b6521a123f21d7b92369a73"
            }
        ]
    }
}
]]></system-out>
  </testcase>
  <testcase name="User gets an error message with incorrect subject value" classname="To test the get metadata request feature of the metadata API service" time="0.239">
    <system-out><![CDATA[Request method:	GET
Request URI:	http://metadata-server-mock.herokuapp.com/metadata/IncorrectSubject
Proxy:			<none>
Request params:	<none>
Query params:	<none>
Form params:	<none>
Path params:	subject=IncorrectSubject
Headers:		Accept=*/*
				Content-Type=application/json
Cookies:		<none>
Multiparts:		<none>
Body:			<none>
Request method:	GET
Request URI:	http://metadata-server-mock.herokuapp.com/metadata/IncorrectSubject
Proxy:			<none>
Request params:	<none>
Query params:	<none>
Form params:	<none>
Path params:	subject=IncorrectSubject
Headers:		Accept=*/*
				Content-Type=application/json
Cookies:		<none>
Multiparts:		<none>
Body:			<none>
Request method:	GET
Request URI:	http://metadata-server-mock.herokuapp.com/metadata/IncorrectSubject
Proxy:			<none>
Request params:	<none>
Query params:	<none>
Form params:	<none>
Path params:	subject=IncorrectSubject
Headers:		Accept=*/*
				Content-Type=application/json
Cookies:		<none>
Multiparts:		<none>
Body:			<none>
HTTP/1.1 200 OK
Connection: keep-alive
Content-Type: application/json
Content-Length: 46
X-Content-Type-Options: nosniff
Server: WEBrick/1.4.2 (Ruby/2.6.6/2020-03-31)
Date: Sat, 09 Apr 2022 23:09:25 GMT
Via: 1.1 vegur

Requested subject 'IncorrectSubject' not found
]]></system-out>
  </testcase>
  <testcase name="User is able to retrieve the the properties from the server with valid subjects #1" classname="To test the get properties request feature of the metadata API service" time="0.386">
    <system-out><![CDATA[Request method:	GET
Request URI:	http://metadata-server-mock.herokuapp.com/metadata/919e8a1922aaa764b1d66407c6f62244e77081215f385b60a62091494861707079436f696e/properties/name
Proxy:			<none>
Request params:	<none>
Query params:	<none>
Form params:	<none>
Path params:	subject=919e8a1922aaa764b1d66407c6f62244e77081215f385b60a62091494861707079436f696e
Headers:		Accept=*/*
				Content-Type=application/json
Cookies:		<none>
Multiparts:		<none>
Body:			<none>
Request method:	GET
Request URI:	http://metadata-server-mock.herokuapp.com/metadata/919e8a1922aaa764b1d66407c6f62244e77081215f385b60a62091494861707079436f696e/properties/name
Proxy:			<none>
Request params:	<none>
Query params:	<none>
Form params:	<none>
Path params:	subject=919e8a1922aaa764b1d66407c6f62244e77081215f385b60a62091494861707079436f696e
Headers:		Accept=*/*
				Content-Type=application/json
Cookies:		<none>
Multiparts:		<none>
Body:			<none>
Request method:	GET
Request URI:	http://metadata-server-mock.herokuapp.com/metadata/919e8a1922aaa764b1d66407c6f62244e77081215f385b60a62091494861707079436f696e/properties/name
Proxy:			<none>
Request params:	<none>
Query params:	<none>
Form params:	<none>
Path params:	subject=919e8a1922aaa764b1d66407c6f62244e77081215f385b60a62091494861707079436f696e
Headers:		Accept=*/*
				Content-Type=application/json
Cookies:		<none>
Multiparts:		<none>
Body:			<none>
Request method:	GET
Request URI:	http://metadata-server-mock.herokuapp.com/metadata/919e8a1922aaa764b1d66407c6f62244e77081215f385b60a62091494861707079436f696e/properties/name
Proxy:			<none>
Request params:	<none>
Query params:	<none>
Form params:	<none>
Path params:	subject=919e8a1922aaa764b1d66407c6f62244e77081215f385b60a62091494861707079436f696e
Headers:		Accept=*/*
				Content-Type=application/json
Cookies:		<none>
Multiparts:		<none>
Body:			<none>
HTTP/1.1 200 OK
Connection: keep-alive
Content-Type: application/json
Content-Length: 279
X-Content-Type-Options: nosniff
Server: WEBrick/1.4.2 (Ruby/2.6.6/2020-03-31)
Date: Sat, 09 Apr 2022 23:09:26 GMT
Via: 1.1 vegur

{
    "sequenceNumber": 0,
    "value": "HappyCoin",
    "signatures": [
        {
            "signature": "10c0761f6992768208644451cfd8bf77c1a09f8346a2381c22d87107aef107dee3db29d826b7332f0181546d30ad49c6d3338c70ce7aa082ae2dd54e78e9cf01",
            "publicKey": "db2c42a7c5b70d7e635b95c5864439f22ccd6639cc7bc128a88a804f149a4448"
        }
    ]
}
]]></system-out>
  </testcase>
  <testcase name="User is able to retrieve the the properties from the server with valid subjects #2" classname="To test the get properties request feature of the metadata API service" time="0.324">
    <system-out><![CDATA[Request method:	GET
Request URI:	http://metadata-server-mock.herokuapp.com/metadata/2048c7e09308f9138cef8f1a81733b72e601d016eea5eef759ff2933416d617a696e67436f696e/properties/name
Proxy:			<none>
Request params:	<none>
Query params:	<none>
Form params:	<none>
Path params:	subject=2048c7e09308f9138cef8f1a81733b72e601d016eea5eef759ff2933416d617a696e67436f696e
Headers:		Accept=*/*
				Content-Type=application/json
Cookies:		<none>
Multiparts:		<none>
Body:			<none>
Request method:	GET
Request URI:	http://metadata-server-mock.herokuapp.com/metadata/2048c7e09308f9138cef8f1a81733b72e601d016eea5eef759ff2933416d617a696e67436f696e/properties/name
Proxy:			<none>
Request params:	<none>
Query params:	<none>
Form params:	<none>
Path params:	subject=2048c7e09308f9138cef8f1a81733b72e601d016eea5eef759ff2933416d617a696e67436f696e
Headers:		Accept=*/*
				Content-Type=application/json
Cookies:		<none>
Multiparts:		<none>
Body:			<none>
Request method:	GET
Request URI:	http://metadata-server-mock.herokuapp.com/metadata/2048c7e09308f9138cef8f1a81733b72e601d016eea5eef759ff2933416d617a696e67436f696e/properties/name
Proxy:			<none>
Request params:	<none>
Query params:	<none>
Form params:	<none>
Path params:	subject=2048c7e09308f9138cef8f1a81733b72e601d016eea5eef759ff2933416d617a696e67436f696e
Headers:		Accept=*/*
				Content-Type=application/json
Cookies:		<none>
Multiparts:		<none>
Body:			<none>
Request method:	GET
Request URI:	http://metadata-server-mock.herokuapp.com/metadata/2048c7e09308f9138cef8f1a81733b72e601d016eea5eef759ff2933416d617a696e67436f696e/properties/name
Proxy:			<none>
Request params:	<none>
Query params:	<none>
Form params:	<none>
Path params:	subject=2048c7e09308f9138cef8f1a81733b72e601d016eea5eef759ff2933416d617a696e67436f696e
Headers:		Accept=*/*
				Content-Type=application/json
Cookies:		<none>
Multiparts:		<none>
Body:			<none>
Request method:	GET
Request URI:	http://metadata-server-mock.herokuapp.com/metadata/2048c7e09308f9138cef8f1a81733b72e601d016eea5eef759ff2933416d617a696e67436f696e/properties/name
Proxy:			<none>
Request params:	<none>
Query params:	<none>
Form params:	<none>
Path params:	subject=2048c7e09308f9138cef8f1a81733b72e601d016eea5eef759ff2933416d617a696e67436f696e
Headers:		Accept=*/*
				Content-Type=application/json
Cookies:		<none>
Multiparts:		<none>
Body:			<none>
HTTP/1.1 200 OK
Connection: keep-alive
Content-Type: application/json
Content-Length: 282
X-Content-Type-Options: nosniff
Server: WEBrick/1.4.2 (Ruby/2.6.6/2020-03-31)
Date: Sat, 09 Apr 2022 23:09:26 GMT
Via: 1.1 vegur

{
    "sequenceNumber": 0,
    "value": "Amazing Coin",
    "signatures": [
        {
            "signature": "2bf86524f8cb8dff2d06ea291cccb6bd69cd31499d64eac5d661245d6c68ebe047515f0e119ddf08848d20e7b898dda59b1369bcb1dc59210049c76d00db9f04",
            "publicKey": "9b3c4095df24e08599115c750988b0a105043cd15b6521a123f21d7b92369a73"
        }
    ]
}
]]></system-out>
  </testcase>
  <testcase name="User gets an error message with incorrect subject value" classname="To test the get properties request feature of the metadata API service" time="0.256">
    <system-out><![CDATA[Request method:	GET
Request URI:	http://metadata-server-mock.herokuapp.com/metadata/incorrectSubject/properties/name
Proxy:			<none>
Request params:	<none>
Query params:	<none>
Form params:	<none>
Path params:	subject=incorrectSubject
Headers:		Accept=*/*
				Content-Type=application/json
Cookies:		<none>
Multiparts:		<none>
Body:			<none>
Request method:	GET
Request URI:	http://metadata-server-mock.herokuapp.com/metadata/incorrectSubject/properties/name
Proxy:			<none>
Request params:	<none>
Query params:	<none>
Form params:	<none>
Path params:	subject=incorrectSubject
Headers:		Accept=*/*
				Content-Type=application/json
Cookies:		<none>
Multiparts:		<none>
Body:			<none>
Request method:	GET
Request URI:	http://metadata-server-mock.herokuapp.com/metadata/incorrectSubject/properties/name
Proxy:			<none>
Request params:	<none>
Query params:	<none>
Form params:	<none>
Path params:	subject=incorrectSubject
Headers:		Accept=*/*
				Content-Type=application/json
Cookies:		<none>
Multiparts:		<none>
Body:			<none>
Request method:	GET
Request URI:	http://metadata-server-mock.herokuapp.com/metadata/incorrectSubject/properties/name
Proxy:			<none>
Request params:	<none>
Query params:	<none>
Form params:	<none>
Path params:	subject=incorrectSubject
Headers:		Accept=*/*
				Content-Type=application/json
Cookies:		<none>
Multiparts:		<none>
Body:			<none>
Request method:	GET
Request URI:	http://metadata-server-mock.herokuapp.com/metadata/incorrectSubject/properties/name
Proxy:			<none>
Request params:	<none>
Query params:	<none>
Form params:	<none>
Path params:	subject=incorrectSubject
Headers:		Accept=*/*
				Content-Type=application/json
Cookies:		<none>
Multiparts:		<none>
Body:			<none>
Request method:	GET
Request URI:	http://metadata-server-mock.herokuapp.com/metadata/incorrectSubject/properties/name
Proxy:			<none>
Request params:	<none>
Query params:	<none>
Form params:	<none>
Path params:	subject=incorrectSubject
Headers:		Accept=*/*
				Content-Type=application/json
Cookies:		<none>
Multiparts:		<none>
Body:			<none>
HTTP/1.1 200 OK
Connection: keep-alive
Content-Type: application/json
Content-Length: 46
X-Content-Type-Options: nosniff
Server: WEBrick/1.4.2 (Ruby/2.6.6/2020-03-31)
Date: Sat, 09 Apr 2022 23:09:26 GMT
Via: 1.1 vegur

Requested subject 'incorrectSubject' not found
]]></system-out>
  </testcase>
</testsuite>